TCPSERVERWRAP(26): trigger: 1 execution: 1
TickObject(27): trigger: 26 execution: 1
before:  4 1571982136223
after:  4   1571982136223
before:  5 1571982136223
after:  5   1571982136223
before:  9 1571982136223
after:  9   1571982136224
before:  10 1571982136224
after:  10   1571982136224
before:  12 1571982136224
after:  12   1571982136224
before:  14 1571982136224
after:  14   1571982136225
before:  15 1571982136225
after:  15   1571982136225
before:  16 1571982136225
after:  16   1571982136225
before:  17 1571982136225
after:  17   1571982136225
before:  18 1571982136225
after:  18   1571982136225
before:  19 1571982136225
after:  19   1571982136226
before:  20 1571982136226
after:  20   1571982136226
before:  21 1571982136226
after:  21   1571982136226
before:  22 1571982136226
after:  22   1571982136226
before:  23 1571982136226
after:  23   1571982136227
before:  24 1571982136227
after:  24   1571982136227
before:  27 1571982136228
TickObject(28): trigger: 27 execution: 27
after:  27   1571982136228
before:  28 1571982136229
after:  28   1571982136229
before:  8 1571982136229
TCPCONNECTWRAP(29): trigger: 6 execution: 8
after:  8   1571982136230
before:  29 1571982136230
TickObject(30): trigger: 29 execution: 29
after:  29   1571982136233
before:  30 1571982136233
after:  30   1571982136233
before:  6 1571982136233
TickObject(31): trigger: 6 execution: 6
after:  6   1571982136235
before:  31 1571982136235
after:  31   1571982136235
TCPWRAP(32): trigger: 26 execution: 0
before:  26 1571982312672
Timeout(33): trigger: 32 execution: 26
HTTPINCOMINGMESSAGE(34): trigger: 32 execution: 26
Timeout(35): trigger: 32 execution: 26
TickObject(36): trigger: 32 execution: 26
after:  26   1571982312677
before:  36 1571982312677
after:  36   1571982312677
TCPWRAP(37): trigger: 26 execution: 0
before:  26 1571982312678
Timeout(38): trigger: 37 execution: 26
HTTPINCOMINGMESSAGE(39): trigger: 37 execution: 26
TickObject(40): trigger: 37 execution: 26
after:  26   1571982312678
before:  40 1571982312678
after:  40   1571982312679
before:  34 1571982312679
PROMISE(41): trigger: 34 execution: 34
PROMISE(42): trigger: 41 execution: 34
after:  34   1571982312686
before:  34 1571982312687
TickObject(43): trigger: 34 execution: 34
after:  34   1571982312687
before:  34 1571982312687
after:  34   1571982312688
before:  43 1571982312688
after:  43   1571982312688
before:  42 1571982312688
PROMISE(44): trigger: 42 execution: 42
TickObject(45): trigger: 42 execution: 42
PROMISE(46): trigger: 44 execution: 42
PROMISE(47): trigger: 46 execution: 42
PROMISE(48): trigger: 44 execution: 42
after:  42   1571982312691
before:  47 1571982312691
TickObject(49): trigger: 47 execution: 47
PROMISE(50): trigger: 44 execution: 47
PROMISE(51): trigger: 50 execution: 47
after:  47   1571982312692
before:  51 1571982312692
after:  51   1571982312692
before:  48 1571982312692
PROMISE(52): trigger: 48 execution: 48
PROMISE(53): trigger: 48 execution: 48
PROMISE(54): trigger: 48 execution: 48
PROMISE(55): trigger: 54 execution: 48
PROMISE(56): trigger: 55 execution: 48
PROMISE(57): trigger: 54 execution: 48
PROMISE(58): trigger: 53 execution: 48
PROMISE(59): trigger: 52 execution: 48
PROMISE(60): trigger: 59 execution: 48
after:  48   1571982312696
before:  56 1571982312696
PROMISE(61): trigger: 56 execution: 56
PROMISE(62): trigger: 56 execution: 56
PROMISE(63): trigger: 56 execution: 56
TCPWRAP(64): trigger: 56 execution: 56
GETADDRINFOREQWRAP(65): trigger: 64 execution: 56
TickObject(66): trigger: 56 execution: 56
Timeout(67): trigger: 56 execution: 56
Timeout(68): trigger: 56 execution: 56
PROMISE(69): trigger: 62 execution: 56
PROMISE(70): trigger: 61 execution: 56
after:  56   1571982312837
PROMISE(71): trigger: 63 execution: 0
before:  45 1571982312837
after:  45   1571982312837
before:  49 1571982312837
after:  49   1571982312838
before:  66 1571982312838
after:  66   1571982312838
before:  65 1571982312838
TCPCONNECTWRAP(72): trigger: 64 execution: 65
after:  65   1571982312839
before:  72 1571982312839
after:  72   1571982312840
before:  64 1571982312855
TickObject(73): trigger: 64 execution: 64
TickObject(74): trigger: 64 execution: 64
after:  64   1571982312860
before:  73 1571982312860
after:  73   1571982312860
before:  74 1571982312860
after:  74   1571982312860
before:  64 1571982312864
TickObject(75): trigger: 64 execution: 64
after:  64   1571982312866
before:  75 1571982312866
after:  75   1571982312866
before:  71 1571982312867
after:  71   1571982312868
before:  69 1571982312868
after:  69   1571982312868
before:  70 1571982312869
PROMISE(76): trigger: 70 execution: 70
PROMISE(77): trigger: 70 execution: 70
TickObject(78): trigger: 70 execution: 70
after:  70   1571982315144
PROMISE(79): trigger: 77 execution: 0
before:  57 1571982315144
PROMISE(80): trigger: 57 execution: 57
PROMISE(81): trigger: 57 execution: 57
PROMISE(82): trigger: 57 execution: 57
PROMISE(83): trigger: 82 execution: 57
PROMISE(84): trigger: 83 execution: 57
PROMISE(85): trigger: 82 execution: 57
PROMISE(86): trigger: 81 execution: 57
PROMISE(87): trigger: 80 execution: 57
after:  57   1571982315146
before:  84 1571982315146
PROMISE(88): trigger: 84 execution: 84
after:  84   1571982316013
before:  85 1571982316015
PROMISE(89): trigger: 85 execution: 85
PROMISE(90): trigger: 85 execution: 85
PROMISE(91): trigger: 85 execution: 85
PROMISE(92): trigger: 85 execution: 85
PROMISE(93): trigger: 85 execution: 85
PROMISE(94): trigger: 93 execution: 85
PROMISE(95): trigger: 92 execution: 85
PROMISE(96): trigger: 90 execution: 85
PROMISE(97): trigger: 89 execution: 85
after:  85   1571982316017
before:  94 1571982316017
after:  94   1571982316017
before:  95 1571982316017
after:  95   1571982316017
before:  78 1571982316017
after:  78   1571982316017
before:  35 1571982316018
after:  35   1571982316018
before:  64 1571982316019
TickObject(98): trigger: 64 execution: 64
TickObject(99): trigger: 64 execution: 64
after:  64   1571982316020
before:  98 1571982316020
after:  98   1571982316020
before:  99 1571982316021
after:  99   1571982316021
before:  79 1571982316021
after:  79   1571982316021
before:  64 1571982316040
TickObject(100): trigger: 64 execution: 64
after:  64   1571982316041
before:  100 1571982316041
after:  100   1571982316041
before:  96 1571982316041
after:  96   1571982316041
before:  97 1571982316042
PROMISE(101): trigger: 97 execution: 97
PROMISE(102): trigger: 101 execution: 97
PROMISE(103): trigger: 102 execution: 97
PROMISE(104): trigger: 101 execution: 97
after:  97   1571982316042
before:  103 1571982316043
after:  103   1571982316043
before:  104 1571982316043
after:  104   1571982316043
before:  86 1571982316043
PROMISE(105): trigger: 86 execution: 86
PROMISE(106): trigger: 86 execution: 86
PROMISE(107): trigger: 106 execution: 86
PROMISE(108): trigger: 107 execution: 86
PROMISE(109): trigger: 106 execution: 86
PROMISE(110): trigger: 105 execution: 86
after:  86   1571982316044
before:  108 1571982316044
PROMISE(111): trigger: 108 execution: 108
after:  108   1571982316541
before:  109 1571982316542
PROMISE(112): trigger: 109 execution: 109
PROMISE(113): trigger: 109 execution: 109
PROMISE(114): trigger: 109 execution: 109
PROMISE(115): trigger: 109 execution: 109
PROMISE(116): trigger: 109 execution: 109
PROMISE(117): trigger: 116 execution: 109
PROMISE(118): trigger: 115 execution: 109
PROMISE(119): trigger: 113 execution: 109
PROMISE(120): trigger: 112 execution: 109
after:  109   1571982316544
before:  117 1571982316544
after:  117   1571982316544
before:  118 1571982316544
TickObject(121): trigger: 118 execution: 118
after:  118   1571982316545
before:  121 1571982316545
after:  121   1571982316546
before:  64 1571982316548
TickObject(122): trigger: 64 execution: 64
TickObject(123): trigger: 64 execution: 64
after:  64   1571982316549
before:  122 1571982316549
after:  122   1571982316549
before:  123 1571982316550
after:  123   1571982316550
before:  119 1571982316550
after:  119   1571982316550
before:  120 1571982316550
PROMISE(124): trigger: 120 execution: 120
PROMISE(125): trigger: 124 execution: 120
PROMISE(126): trigger: 125 execution: 120
PROMISE(127): trigger: 124 execution: 120
after:  120   1571982316551
before:  126 1571982316551
PROMISE(128): trigger: 126 execution: 126
PROMISE(129): trigger: 126 execution: 126
TickObject(130): trigger: 126 execution: 126
after:  126   1571982317212
PROMISE(131): trigger: 129 execution: 0
before:  127 1571982317213
after:  127   1571982317964
before:  110 1571982317964
after:  110   1571982317965
before:  87 1571982317965
PROMISE(132): trigger: 87 execution: 87
PROMISE(133): trigger: 132 execution: 87
PROMISE(134): trigger: 133 execution: 87
PROMISE(135): trigger: 132 execution: 87
after:  87   1571982317968
before:  134 1571982317968
after:  134   1571982317968
before:  135 1571982317968
after:  135   1571982317968
before:  58 1571982317968
after:  58   1571982317968
before:  59 1571982317968
Timeout(136): trigger: 59 execution: 59
TickObject(137): trigger: 59 execution: 59
after:  59   1571982317972
before:  60 1571982317972
after:  60   1571982317972
before:  130 1571982317973
after:  130   1571982317973
before:  137 1571982317973
TickObject(138): trigger: 137 execution: 137
after:  137   1571982317974
before:  138 1571982317974
TickObject(139): trigger: 138 execution: 138
TickObject(140): trigger: 138 execution: 138
Timeout(141): trigger: 138 execution: 138
after:  138   1571982317975
before:  139 1571982317975
TickObject(142): trigger: 139 execution: 139
TickObject(143): trigger: 139 execution: 139
TickObject(144): trigger: 139 execution: 139
after:  139   1571982317976
before:  140 1571982317976
after:  140   1571982317976
before:  142 1571982317976
after:  142   1571982317976
before:  143 1571982317977
after:  143   1571982317978
before:  144 1571982317979
after:  144   1571982317979
before:  64 1571982317979
TickObject(145): trigger: 64 execution: 64
TickObject(146): trigger: 64 execution: 64
after:  64   1571982319065
before:  145 1571982319065
after:  145   1571982319065
before:  146 1571982319066
after:  146   1571982319066
before:  131 1571982319066
after:  131   1571982319067
TickObject(147): trigger: 0 execution: 0
TickObject(148): trigger: 0 execution: 0
TickObject(149): trigger: 0 execution: 0
before:  147 1571982319068
TickObject(150): trigger: 147 execution: 147
after:  147   1571982319069
before:  148 1571982319069
TickObject(151): trigger: 148 execution: 148
after:  148   1571982319070
before:  149 1571982319070
TickObject(152): trigger: 149 execution: 149
after:  149   1571982319072
before:  150 1571982319072
after:  150   1571982319072
before:  151 1571982319072
after:  151   1571982319073
before:  152 1571982319073
after:  152   1571982319073
before:  136 1571982319073
after:  136   1571982319073
before:  34 1571982319073
Timeout(153): trigger: 34 execution: 34
PROMISE(154): trigger: 34 execution: 34
Timeout(155): trigger: 34 execution: 34
TickObject(156): trigger: 34 execution: 34
after:  34   1571982319077
before:  34 1571982319077
TickObject(157): trigger: 34 execution: 34
after:  34   1571982319077
before:  34 1571982319077
after:  34   1571982319077
before:  156 1571982319077
TickObject(158): trigger: 156 execution: 156
TickObject(159): trigger: 156 execution: 156
Timeout(160): trigger: 156 execution: 156
after:  156   1571982319078
before:  157 1571982319078
TickObject(161): trigger: 157 execution: 157
after:  157   1571982319078
before:  158 1571982319078
TickObject(162): trigger: 158 execution: 158
TickObject(163): trigger: 158 execution: 158
TickObject(164): trigger: 158 execution: 158
after:  158   1571982319079
before:  159 1571982319079
after:  159   1571982319079
before:  161 1571982319079
after:  161   1571982319079
before:  162 1571982319079
after:  162   1571982319080
before:  163 1571982319080
after:  163   1571982319080
before:  164 1571982319080
after:  164   1571982319080
before:  155 1571982320005
after:  155   1571982320005
before:  160 1571982324083
TickObject(165): trigger: 160 execution: 160
after:  160   1571982324084
before:  165 1571982324084
after:  165   1571982324084
before:  32 1571982324084
after:  32   1571982324084
before:  38 1571982432682
TickObject(166): trigger: 38 execution: 38
after:  38   1571982432683
before:  166 1571982432684
after:  166   1571982432684
before:  37 1571982432684
after:  37   1571982432684
